<?xml version="1.0" encoding="UTF-8"?>
<TestRun id="6d0ae5f8-406c-4218-8a80-b2106d0fe904" name="cellier@THALIE 2010-10-29 16:19:27" runUser="IRISA\cellier" xmlns="http://microsoft.com/schemas/VisualStudio/TeamTest/2010">
  <TestSettings name="Local" id="e9d2e1ce-8a1c-4f93-aa35-2555c727b671">
    <Description>Il s'agit des paramètres de test par défaut pour une série de tests locale.</Description>
    <Deployment enabled="false" runDeploymentRoot="cellier_THALIE 2010-10-29 16_19_27" />
    <Execution>
      <TestTypeSpecific />
      <AgentRule name="Execution Agents">
      </AgentRule>
    </Execution>
  </TestSettings>
  <Times creation="2010-10-29T16:19:27.5625000+02:00" queuing="2010-10-29T16:19:27.6250000+02:00" start="2010-10-29T16:19:27.9375000+02:00" finish="2010-10-29T16:19:33.7968750+02:00" />
  <ResultSummary outcome="Error">
    <Counters total="1" executed="1" error="1" failed="0" timeout="0" aborted="0" inconclusive="0" passedButRunAborted="0" notRunnable="0" notExecuted="0" disconnected="0" warning="0" passed="0" completed="0" inProgress="0" pending="0" />
  </ResultSummary>
  <TestDefinitions>
    <UnitTest name="TestMethod1" storage="c:\documents and settings\cellier\mes documents\visual studio 2010\projects\project1\debug\defaulttest.dll" id="59863143-3238-122e-4d8a-637b491cc755">
      <Execution id="b1cb0ec8-ea74-458c-802e-f579d3c7b5d4" />
      <TestMethod codeBase="C:/Documents and Settings/cellier/mes documents/visual studio 2010/Projects/Project1/Debug/DefaultTest.DLL" adapterTypeName="Microsoft.VisualStudio.TestTools.TestTypes.Unit.UnitTestAdapter, Microsoft.VisualStudio.QualityTools.Tips.UnitTest.Adapter, Version=10.0.0.0, Culture=neutral, PublicKeyToken=b03f5f7f11d50a3a" className="TestProject1.UnitTest1, DefaultTest, Version=1.0.3954.27558, Culture=neutral, PublicKeyToken=null" name="TestMethod1" />
    </UnitTest>
  </TestDefinitions>
  <TestLists>
    <TestList name="Les résultats ne figurent pas dans une liste" id="8c84fa94-04c1-424b-9868-57a2d4851a1d" />
    <TestList name="Tous les résultats chargés" id="19431567-8539-422a-85d7-44ee4e166bda" />
  </TestLists>
  <TestEntries>
    <TestEntry testId="59863143-3238-122e-4d8a-637b491cc755" executionId="b1cb0ec8-ea74-458c-802e-f579d3c7b5d4" testListId="8c84fa94-04c1-424b-9868-57a2d4851a1d" />
  </TestEntries>
  <Results>
    <UnitTestResult executionId="b1cb0ec8-ea74-458c-802e-f579d3c7b5d4" testId="59863143-3238-122e-4d8a-637b491cc755" testName="TestMethod1" computerName="THALIE" startTime="2010-10-29T16:19:28.1093750+02:00" endTime="2010-10-29T16:19:32.9218750+02:00" testType="13cdc9d9-ddb5-4fa4-a97d-d965ccfc6d4b" testListId="8c84fa94-04c1-424b-9868-57a2d4851a1d" relativeResultsDirectory="b1cb0ec8-ea74-458c-802e-f579d3c7b5d4">
      <Output>
        <ErrorInfo>
          <Message>Le processus Agent s'est arrêté pendant l'exécution du test.</Message>
        </ErrorInfo>
      </Output>
    </UnitTestResult>
  </Results>
</TestRun>